<?xml version="1.0" encoding="UTF-8"?>
<!-- Generated by org.testng.reporters.JUnitReportReporter -->
<testsuite skipped="0" hostname="Kharbanda-Aishw" name="com.Namshi.TestCases.Products_Retrieved_inCart" tests="1" failures="0" timestamp="16 Apr 2018 07:10:16 GMT" time="2.428" errors="1">
  <testcase name="verify_products" time="2.428" classname="com.Namshi.TestCases.Products_Retrieved_inCart">
    <error type="org.openqa.selenium.interactions.MoveTargetOutOfBoundsException" message="Offset within element cannot be scrolled into view: (23, 7.5): [object HTMLSpanElement]
Command duration or timeout: 0 milliseconds">
      <![CDATA[org.openqa.selenium.interactions.MoveTargetOutOfBoundsException: Offset within element cannot be scrolled into view: (23, 7.5): [object HTMLSpanElement]Command duration or timeout: 0 millisecondsat sun.reflect.NativeConstructorAccessorImpl.newInstance0(Native Method)at sun.reflect.NativeConstructorAccessorImpl.newInstance(Unknown Source)at sun.reflect.DelegatingConstructorAccessorImpl.newInstance(Unknown Source)at java.lang.reflect.Constructor.newInstance(Unknown Source)at org.openqa.selenium.remote.ErrorHandler.createThrowable(ErrorHandler.java:214)at org.openqa.selenium.remote.ErrorHandler.throwIfResponseFailed(ErrorHandler.java:166)at org.openqa.selenium.remote.http.JsonHttpResponseCodec.reconstructValue(JsonHttpResponseCodec.java:40)at org.openqa.selenium.remote.http.AbstractHttpResponseCodec.decode(AbstractHttpResponseCodec.java:80)at org.openqa.selenium.remote.http.AbstractHttpResponseCodec.decode(AbstractHttpResponseCodec.java:44)at org.openqa.selenium.remote.HttpCommandExecutor.execute(HttpCommandExecutor.java:164)at org.openqa.selenium.remote.service.DriverCommandExecutor.execute(DriverCommandExecutor.java:83)at org.openqa.selenium.remote.RemoteWebDriver.execute(RemoteWebDriver.java:601)at org.openqa.selenium.remote.RemoteExecuteMethod.execute(RemoteExecuteMethod.java:35)at org.openqa.selenium.remote.RemoteMouse.mouseMove(RemoteMouse.java:89)at org.openqa.selenium.interactions.MoveMouseAction.perform(MoveMouseAction.java:43)at org.openqa.selenium.interactions.CompositeAction.perform(CompositeAction.java:36)at org.openqa.selenium.interactions.Actions$BuiltAction.perform(Actions.java:641)at com.Namshi.Pages.HomePage.selectCategory_afterHover(HomePage.java:77)at com.Namshi.TestCases.Products_Retrieved_inCart.verify_products(Products_Retrieved_inCart.java:35)at sun.reflect.NativeMethodAccessorImpl.invoke0(Native Method)at sun.reflect.NativeMethodAccessorImpl.invoke(Unknown Source)at sun.reflect.DelegatingMethodAccessorImpl.invoke(Unknown Source)at java.lang.reflect.Method.invoke(Unknown Source)at org.testng.internal.MethodInvocationHelper.invokeMethod(MethodInvocationHelper.java:124)at org.testng.internal.Invoker.invokeMethod(Invoker.java:571)at org.testng.internal.Invoker.invokeTestMethod(Invoker.java:707)at org.testng.internal.Invoker.invokeTestMethods(Invoker.java:979)at org.testng.internal.TestMethodWorker.invokeTestMethods(TestMethodWorker.java:125)at org.testng.internal.TestMethodWorker.run(TestMethodWorker.java:109)at org.testng.TestRunner.privateRun(TestRunner.java:648)at org.testng.TestRunner.run(TestRunner.java:505)at org.testng.SuiteRunner.runTest(SuiteRunner.java:455)at org.testng.SuiteRunner.runSequentially(SuiteRunner.java:450)at org.testng.SuiteRunner.privateRun(SuiteRunner.java:415)at org.testng.SuiteRunner.run(SuiteRunner.java:364)at org.testng.SuiteRunnerWorker.runSuite(SuiteRunnerWorker.java:52)at org.testng.SuiteRunnerWorker.run(SuiteRunnerWorker.java:84)at org.testng.TestNG.runSuitesSequentially(TestNG.java:1187)at org.testng.TestNG.runSuitesLocally(TestNG.java:1116)at org.testng.TestNG.runSuites(TestNG.java:1028)at org.testng.TestNG.run(TestNG.java:996)at org.testng.remote.AbstractRemoteTestNG.run(AbstractRemoteTestNG.java:114)at org.testng.remote.RemoteTestNG.initAndRun(RemoteTestNG.java:251)at org.testng.remote.RemoteTestNG.main(RemoteTestNG.java:77)Caused by: org.openqa.selenium.interactions.MoveTargetOutOfBoundsException: Offset within element cannot be scrolled into view: (23, 7.5): [object HTMLSpanElement]Build info: version: '3.8.1', revision: '6e95a6684b', time: '2017-12-01T19:05:14.666Z'System info: host: 'KHARBANDA-AISHW', ip: '192.168.103.85', os.name: 'Windows 7', os.arch: 'amd64', os.version: '6.1', java.version: '1.8.0_131'Driver info: driver.version: unknownat <anonymous class>.FirefoxDriver.prototype.mouseMoveTo(file:///C:/Users/KHARBA~1.AIS/AppData/Local/Temp/anonymous5232560899848582198webdriver-profile/extensions/fxdriver@googlecode.com/components/driver-component.js:12143)at <anonymous class>.DelayedCommand.prototype.executeInternal_/k(file:///C:/Users/KHARBA~1.AIS/AppData/Local/Temp/anonymous5232560899848582198webdriver-profile/extensions/fxdriver@googlecode.com/components/command-processor.js:13364)at <anonymous class>.DelayedCommand.prototype.executeInternal_(file:///C:/Users/KHARBA~1.AIS/AppData/Local/Temp/anonymous5232560899848582198webdriver-profile/extensions/fxdriver@googlecode.com/components/command-processor.js:13369)at <anonymous class>.DelayedCommand.prototype.execute/<(file:///C:/Users/KHARBA~1.AIS/AppData/Local/Temp/anonymous5232560899848582198webdriver-profile/extensions/fxdriver@googlecode.com/components/command-processor.js:13311)]]>
    </error>
  </testcase> <!-- verify_products -->
</testsuite> <!-- com.Namshi.TestCases.Products_Retrieved_inCart -->
